<?xml version="1.0" encoding="UTF-8"?>
<!-- Generated by org.testng.reporters.JUnitReportReporter -->
<testsuite skipped="0" hostname="IT301222" name="com.sampleautomation.TC_01_SampleTest" tests="1" failures="0" timestamp="08 Jun 2019 05:32:58 GMT" time="28.900" errors="0">
  <testcase name="basicTest" time="28.900" classname="com.sampleautomation.TC_01_SampleTest"/>
</testsuite> <!-- com.sampleautomation.TC_01_SampleTest -->
