<?xml version="1.0" encoding="UTF-8"?>
<!-- Generated by org.testng.reporters.JUnitReportReporter -->
<testsuite skipped="0" hostname="IT301222" name="tests.Tests" tests="1" failures="0" timestamp="09 Jun 2019 07:42:42 GMT" time="12.907" errors="0">
  <testcase name="testOne" time="12.907" classname="tests.Tests"/>
</testsuite> <!-- tests.Tests -->
